<?xml version="1.0" encoding="UTF-8"?>
<!-- Generated by org.testng.reporters.JUnitReportReporter -->
<testsuite skipped="0" hostname="DESKTOP-02RR3GK" name="qaclickacademy.Mavenjava.SeleniumTest" tests="3" failures="0" timestamp="2020-10-14T11:18:17 CDT" time="0.003" errors="0">
  <testcase name="Browserautomation" time="0.001" classname="qaclickacademy.Mavenjava.SeleniumTest"/>
  <system-out/>
  <testcase name="elementUI" time="0.001" classname="qaclickacademy.Mavenjava.SeleniumTest"/>
  <system-out/>
  <testcase name="Elementlogin" time="0.001" classname="qaclickacademy.Mavenjava.SeleniumTest"/>
  <system-out/>
</testsuite> <!-- qaclickacademy.Mavenjava.SeleniumTest -->
