<?xml version="1.0" encoding="UTF-8"?>
<!-- Generated by org.testng.reporters.JUnitReportReporter -->
<testsuite skipped="0" hostname="DESKTOP-02RR3GK" name="qaclickacademy.Mavenjava.RESTAPITest" tests="2" failures="0" timestamp="2020-10-14T11:18:17 CDT" time="0.010" errors="0">
  <testcase name="deleteTwitter" time="0.009" classname="qaclickacademy.Mavenjava.RESTAPITest"/>
  <system-out/>
  <testcase name="postJira" time="0.001" classname="qaclickacademy.Mavenjava.RESTAPITest"/>
  <system-out/>
</testsuite> <!-- qaclickacademy.Mavenjava.RESTAPITest -->
